This file contains any messages produced by compilers while
running configure, to aid debugging if configure makes a mistake.

It was created by svinet configure 0.9, which was
generated by GNU Autoconf 2.68.  Invocation command line was

  $ ./configure 

## --------- ##
## Platform. ##
## --------- ##

hostname = jings-MacBook-Air.local
uname -m = x86_64
uname -r = 15.3.0
uname -s = Darwin
uname -v = Darwin Kernel Version 15.3.0: Thu Dec 10 18:40:58 PST 2015; root:xnu-3248.30.4~1/RELEASE_X86_64

/usr/bin/uname -p = i386
/bin/uname -X     = unknown

/bin/arch              = unknown
/usr/bin/arch -k       = unknown
/usr/convex/getsysinfo = unknown
/usr/bin/hostinfo      = Mach kernel version:
	 Darwin Kernel Version 15.3.0: Thu Dec 10 18:40:58 PST 2015; root:xnu-3248.30.4~1/RELEASE_X86_64
Kernel configured for up to 4 processors.
2 processors are physically available.
4 processors are logically available.
Processor type: x86_64h (Intel x86-64h Haswell)
Processors active: 0 1 2 3
Primary memory available: 4.00 gigabytes
Default processor set: 235 tasks, 1389 threads, 4 processors
Load average: 1.83, Mach factor: 2.16
/bin/machine           = unknown
/usr/bin/oslevel       = unknown
/bin/universe          = unknown

PATH: /usr/bin/R
PATH: /Library/Frameworks/Python.framework/Versions/Current/bin
PATH: /usr/local/Cellar/coreutils/8.25/libexec/gnubin
PATH: /usr/local/bin
PATH: /usr/local/bin
PATH: /usr/local/bin
PATH: /usr/bin
PATH: /bin
PATH: /usr/sbin
PATH: /sbin
PATH: /opt/X11/bin
PATH: /Library/TeX/texbin
PATH: /nfs/apps/scripts
PATH: /ifs/home/c2b2/ac_lab/jh3283/R/R-2.15.1/bin
PATH: /Users/jing
PATH: /Users/jing/bin
PATH: /Users/jing/scripts
PATH: /Users/jing/tools


## ----------- ##
## Core tests. ##
## ----------- ##

configure:2318: checking for a BSD-compatible install
configure:2386: result: /usr/bin/install -c
configure:2397: checking whether build environment is sane
configure:2447: result: yes
configure:2588: checking for a thread-safe mkdir -p
configure:2627: result: ./install-sh -c -d
configure:2640: checking for gawk
configure:2670: result: no
configure:2640: checking for mawk
configure:2670: result: no
configure:2640: checking for nawk
configure:2670: result: no
configure:2640: checking for awk
configure:2656: found /usr/bin/awk
configure:2667: result: awk
configure:2678: checking whether make sets $(MAKE)
configure:2700: result: yes
configure:2842: checking for g++
configure:2858: found /usr/bin/g++
configure:2869: result: g++
configure:2896: checking for C++ compiler version
configure:2905: g++ --version >&5
Apple LLVM version 7.0.2 (clang-700.1.81)
Target: x86_64-apple-darwin15.3.0
Thread model: posix
Configured with: --prefix=/Applications/Xcode.app/Contents/Developer/usr --with-gxx-include-dir=/usr/include/c++/4.2.1
configure:2916: $? = 0
configure:2905: g++ -v >&5
Configured with: --prefix=/Applications/Xcode.app/Contents/Developer/usr --with-gxx-include-dir=/usr/include/c++/4.2.1
Apple LLVM version 7.0.2 (clang-700.1.81)
Target: x86_64-apple-darwin15.3.0
Thread model: posix
configure:2916: $? = 0
configure:2905: g++ -V >&5
clang: error: argument to '-V' is missing (expected 1 value)
clang: error: no input files
configure:2916: $? = 1
configure:2905: g++ -qversion >&5
clang: error: unknown argument: '-qversion'
clang: error: no input files
configure:2916: $? = 1
configure:2936: checking whether the C++ compiler works
configure:2958: g++    conftest.cpp  >&5
configure:2962: $? = 0
configure:3010: result: yes
configure:3013: checking for C++ compiler default output file name
configure:3015: result: a.out
configure:3021: checking for suffix of executables
configure:3028: g++ -o conftest    conftest.cpp  >&5
configure:3032: $? = 0
configure:3054: result: 
configure:3076: checking whether we are cross compiling
configure:3084: g++ -o conftest    conftest.cpp  >&5
configure:3088: $? = 0
configure:3095: ./conftest
configure:3099: $? = 0
configure:3114: result: no
configure:3119: checking for suffix of object files
configure:3141: g++ -c   conftest.cpp >&5
configure:3145: $? = 0
configure:3166: result: o
configure:3170: checking whether we are using the GNU C++ compiler
configure:3189: g++ -c   conftest.cpp >&5
configure:3189: $? = 0
configure:3198: result: yes
configure:3207: checking whether g++ accepts -g
configure:3227: g++ -c -g  conftest.cpp >&5
configure:3227: $? = 0
configure:3268: result: yes
configure:3302: checking for style of include used by make
configure:3330: result: GNU
configure:3356: checking dependency style of g++
configure:3467: result: gcc3
configure:3530: checking for gcc
configure:3546: found /usr/bin/gcc
configure:3557: result: gcc
configure:3786: checking for C compiler version
configure:3795: gcc --version >&5
Apple LLVM version 7.0.2 (clang-700.1.81)
Target: x86_64-apple-darwin15.3.0
Thread model: posix
Configured with: --prefix=/Applications/Xcode.app/Contents/Developer/usr --with-gxx-include-dir=/usr/include/c++/4.2.1
configure:3806: $? = 0
configure:3795: gcc -v >&5
Configured with: --prefix=/Applications/Xcode.app/Contents/Developer/usr --with-gxx-include-dir=/usr/include/c++/4.2.1
Apple LLVM version 7.0.2 (clang-700.1.81)
Target: x86_64-apple-darwin15.3.0
Thread model: posix
configure:3806: $? = 0
configure:3795: gcc -V >&5
clang: error: argument to '-V' is missing (expected 1 value)
clang: error: no input files
configure:3806: $? = 1
configure:3795: gcc -qversion >&5
clang: error: unknown argument: '-qversion'
clang: error: no input files
configure:3806: $? = 1
configure:3810: checking whether we are using the GNU C compiler
configure:3829: gcc -c   conftest.c >&5
configure:3829: $? = 0
configure:3838: result: yes
configure:3847: checking whether gcc accepts -g
configure:3867: gcc -c -g  conftest.c >&5
configure:3867: $? = 0
configure:3908: result: yes
configure:3925: checking for gcc option to accept ISO C89
configure:3989: gcc  -c -g -O2  conftest.c >&5
configure:3989: $? = 0
configure:4002: result: none needed
configure:4024: checking dependency style of gcc
configure:4135: result: gcc3
configure:4153: checking for cblas_sdot in -lgslcblas
configure:4178: gcc -o conftest -g -O2   conftest.c -lgslcblas   >&5
configure:4178: $? = 0
configure:4187: result: yes
configure:4200: checking for pthread_self in -lpthread
configure:4225: gcc -o conftest -g -O2   conftest.c -lpthread  -lgslcblas  >&5
configure:4225: $? = 0
configure:4234: result: yes
configure:4247: checking for gsl_sf_lngamma in -lgsl
configure:4272: gcc -o conftest -g -O2   conftest.c -lgsl  -lpthread -lgslcblas  >&5
configure:4272: $? = 0
configure:4281: result: yes
configure:4301: checking how to run the C preprocessor
configure:4332: gcc -E  conftest.c
configure:4332: $? = 0
configure:4346: gcc -E  conftest.c
conftest.c:14:10: fatal error: 'ac_nonexistent.h' file not found
#include <ac_nonexistent.h>
         ^
1 error generated.
configure:4346: $? = 1
configure: failed program was:
| /* confdefs.h */
| #define PACKAGE_NAME "svinet"
| #define PACKAGE_TARNAME "svinet"
| #define PACKAGE_VERSION "0.9"
| #define PACKAGE_STRING "svinet 0.9"
| #define PACKAGE_BUGREPORT "prem.gopalan@gmail.com"
| #define PACKAGE_URL ""
| #define PACKAGE "svinet"
| #define VERSION "0.9"
| #define HAVE_LIBGSLCBLAS 1
| #define HAVE_LIBPTHREAD 1
| #define HAVE_LIBGSL 1
| /* end confdefs.h.  */
| #include <ac_nonexistent.h>
configure:4371: result: gcc -E
configure:4391: gcc -E  conftest.c
configure:4391: $? = 0
configure:4405: gcc -E  conftest.c
conftest.c:14:10: fatal error: 'ac_nonexistent.h' file not found
#include <ac_nonexistent.h>
         ^
1 error generated.
configure:4405: $? = 1
configure: failed program was:
| /* confdefs.h */
| #define PACKAGE_NAME "svinet"
| #define PACKAGE_TARNAME "svinet"
| #define PACKAGE_VERSION "0.9"
| #define PACKAGE_STRING "svinet 0.9"
| #define PACKAGE_BUGREPORT "prem.gopalan@gmail.com"
| #define PACKAGE_URL ""
| #define PACKAGE "svinet"
| #define VERSION "0.9"
| #define HAVE_LIBGSLCBLAS 1
| #define HAVE_LIBPTHREAD 1
| #define HAVE_LIBGSL 1
| /* end confdefs.h.  */
| #include <ac_nonexistent.h>
configure:4434: checking for grep that handles long lines and -e
configure:4492: result: /usr/bin/grep
configure:4497: checking for egrep
configure:4559: result: /usr/bin/grep -E
configure:4564: checking for ANSI C header files
configure:4584: gcc -c -g -O2  conftest.c >&5
configure:4584: $? = 0
configure:4657: gcc -o conftest -g -O2   conftest.c -lgsl -lpthread -lgslcblas  >&5
configure:4657: $? = 0
configure:4657: ./conftest
configure:4657: $? = 0
configure:4668: result: yes
configure:4681: checking for sys/types.h
configure:4681: gcc -c -g -O2  conftest.c >&5
configure:4681: $? = 0
configure:4681: result: yes
configure:4681: checking for sys/stat.h
configure:4681: gcc -c -g -O2  conftest.c >&5
configure:4681: $? = 0
configure:4681: result: yes
configure:4681: checking for stdlib.h
configure:4681: gcc -c -g -O2  conftest.c >&5
configure:4681: $? = 0
configure:4681: result: yes
configure:4681: checking for string.h
configure:4681: gcc -c -g -O2  conftest.c >&5
configure:4681: $? = 0
configure:4681: result: yes
configure:4681: checking for memory.h
configure:4681: gcc -c -g -O2  conftest.c >&5
configure:4681: $? = 0
configure:4681: result: yes
configure:4681: checking for strings.h
configure:4681: gcc -c -g -O2  conftest.c >&5
configure:4681: $? = 0
configure:4681: result: yes
configure:4681: checking for inttypes.h
configure:4681: gcc -c -g -O2  conftest.c >&5
configure:4681: $? = 0
configure:4681: result: yes
configure:4681: checking for stdint.h
configure:4681: gcc -c -g -O2  conftest.c >&5
configure:4681: $? = 0
configure:4681: result: yes
configure:4681: checking for unistd.h
configure:4681: gcc -c -g -O2  conftest.c >&5
configure:4681: $? = 0
configure:4681: result: yes
configure:4696: checking for stdint.h
configure:4696: result: yes
configure:4696: checking for stdlib.h
configure:4696: result: yes
configure:4696: checking for string.h
configure:4696: result: yes
configure:4696: checking sys/file.h usability
configure:4696: gcc -c -g -O2  conftest.c >&5
configure:4696: $? = 0
configure:4696: result: yes
configure:4696: checking sys/file.h presence
configure:4696: gcc -E  conftest.c
configure:4696: $? = 0
configure:4696: result: yes
configure:4696: checking for sys/file.h
configure:4696: result: yes
configure:4696: checking sys/time.h usability
configure:4696: gcc -c -g -O2  conftest.c >&5
configure:4696: $? = 0
configure:4696: result: yes
configure:4696: checking sys/time.h presence
configure:4696: gcc -E  conftest.c
configure:4696: $? = 0
configure:4696: result: yes
configure:4696: checking for sys/time.h
configure:4696: result: yes
configure:4696: checking for unistd.h
configure:4696: result: yes
configure:4708: checking for stdbool.h that conforms to C99
configure:4775: gcc -c -g -O2  conftest.c >&5
conftest.c:79:12: warning: address of 's' will always evaluate to 'true' [-Wpointer-bool-conversion]
        bool e = &s;
             ~    ^
conftest.c:83:11: warning: address of array 'a' will always evaluate to 'true' [-Wpointer-bool-conversion]
        return (!a + !b + !c + !d + !e + !f + !g + !h + !i + !!j + !k + !!l
                ~^
conftest.c:83:16: warning: address of array 'b' will always evaluate to 'true' [-Wpointer-bool-conversion]
        return (!a + !b + !c + !d + !e + !f + !g + !h + !i + !!j + !k + !!l
                     ~^
conftest.c:83:21: warning: address of array 'c' will always evaluate to 'true' [-Wpointer-bool-conversion]
        return (!a + !b + !c + !d + !e + !f + !g + !h + !i + !!j + !k + !!l
                          ~^
conftest.c:83:26: warning: address of array 'd' will always evaluate to 'true' [-Wpointer-bool-conversion]
        return (!a + !b + !c + !d + !e + !f + !g + !h + !i + !!j + !k + !!l
                               ~^
conftest.c:83:36: warning: address of array 'f' will always evaluate to 'true' [-Wpointer-bool-conversion]
        return (!a + !b + !c + !d + !e + !f + !g + !h + !i + !!j + !k + !!l
                                         ~^
conftest.c:83:41: warning: address of array 'g' will always evaluate to 'true' [-Wpointer-bool-conversion]
        return (!a + !b + !c + !d + !e + !f + !g + !h + !i + !!j + !k + !!l
                                              ~^
conftest.c:83:46: warning: address of array 'h' will always evaluate to 'true' [-Wpointer-bool-conversion]
        return (!a + !b + !c + !d + !e + !f + !g + !h + !i + !!j + !k + !!l
                                                   ~^
conftest.c:83:51: warning: address of array 'i' will always evaluate to 'true' [-Wpointer-bool-conversion]
        return (!a + !b + !c + !d + !e + !f + !g + !h + !i + !!j + !k + !!l
                                                        ~^
conftest.c:84:11: warning: address of array 'n' will always evaluate to 'true' [-Wpointer-bool-conversion]
                       ~^
conftest.c:84:16: warning: address of array 'o' will always evaluate to 'true' [-Wpointer-bool-conversion]
                            ~^
conftest.c:84:21: warning: address of array 'p' will always evaluate to 'true' [-Wpointer-bool-conversion]
                                 ~^
12 warnings generated.
configure:4775: $? = 0
configure:4782: result: yes
configure:4784: checking for _Bool
configure:4784: gcc -c -g -O2  conftest.c >&5
configure:4784: $? = 0
configure:4784: gcc -c -g -O2  conftest.c >&5
conftest.c:66:20: error: expected expression
if (sizeof ((_Bool)))
                   ^
1 error generated.
configure:4784: $? = 1
configure: failed program was:
| /* confdefs.h */
| #define PACKAGE_NAME "svinet"
| #define PACKAGE_TARNAME "svinet"
| #define PACKAGE_VERSION "0.9"
| #define PACKAGE_STRING "svinet 0.9"
| #define PACKAGE_BUGREPORT "prem.gopalan@gmail.com"
| #define PACKAGE_URL ""
| #define PACKAGE "svinet"
| #define VERSION "0.9"
| #define HAVE_LIBGSLCBLAS 1
| #define HAVE_LIBPTHREAD 1
| #define HAVE_LIBGSL 1
| #define STDC_HEADERS 1
| #define HAVE_SYS_TYPES_H 1
| #define HAVE_SYS_STAT_H 1
| #define HAVE_STDLIB_H 1
| #define HAVE_STRING_H 1
| #define HAVE_MEMORY_H 1
| #define HAVE_STRINGS_H 1
| #define HAVE_INTTYPES_H 1
| #define HAVE_STDINT_H 1
| #define HAVE_UNISTD_H 1
| #define HAVE_STDINT_H 1
| #define HAVE_STDLIB_H 1
| #define HAVE_STRING_H 1
| #define HAVE_SYS_FILE_H 1
| #define HAVE_SYS_TIME_H 1
| #define HAVE_UNISTD_H 1
| /* end confdefs.h.  */
| #include <stdio.h>
| #ifdef HAVE_SYS_TYPES_H
| # include <sys/types.h>
| #endif
| #ifdef HAVE_SYS_STAT_H
| # include <sys/stat.h>
| #endif
| #ifdef STDC_HEADERS
| # include <stdlib.h>
| # include <stddef.h>
| #else
| # ifdef HAVE_STDLIB_H
| #  include <stdlib.h>
| # endif
| #endif
| #ifdef HAVE_STRING_H
| # if !defined STDC_HEADERS && defined HAVE_MEMORY_H
| #  include <memory.h>
| # endif
| # include <string.h>
| #endif
| #ifdef HAVE_STRINGS_H
| # include <strings.h>
| #endif
| #ifdef HAVE_INTTYPES_H
| # include <inttypes.h>
| #endif
| #ifdef HAVE_STDINT_H
| # include <stdint.h>
| #endif
| #ifdef HAVE_UNISTD_H
| # include <unistd.h>
| #endif
| int
| main ()
| {
| if (sizeof ((_Bool)))
| 	    return 0;
|   ;
|   return 0;
| }
configure:4784: result: yes
configure:4800: checking for inline
configure:4816: gcc -c -g -O2  conftest.c >&5
configure:4816: $? = 0
configure:4824: result: inline
configure:4842: checking for uint16_t
configure:4842: gcc -c -g -O2  conftest.c >&5
configure:4842: $? = 0
configure:4842: result: yes
configure:4854: checking for uint32_t
configure:4854: gcc -c -g -O2  conftest.c >&5
configure:4854: $? = 0
configure:4854: result: yes
configure:4868: checking for uint64_t
configure:4868: gcc -c -g -O2  conftest.c >&5
configure:4868: $? = 0
configure:4868: result: yes
configure:4882: checking for uint8_t
configure:4882: gcc -c -g -O2  conftest.c >&5
configure:4882: $? = 0
configure:4882: result: yes
configure:4899: checking for working strtod
configure:4940: gcc -o conftest -g -O2   conftest.c -lgsl -lpthread -lgslcblas  >&5
configure:4940: $? = 0
configure:4940: ./conftest
configure:4940: $? = 0
configure:4950: result: yes
configure:5015: checking for gettimeofday
configure:5015: gcc -o conftest -g -O2   conftest.c -lgsl -lpthread -lgslcblas  >&5
configure:5015: $? = 0
configure:5015: result: yes
configure:5015: checking for localtime_r
configure:5015: gcc -o conftest -g -O2   conftest.c -lgsl -lpthread -lgslcblas  >&5
configure:5015: $? = 0
configure:5015: result: yes
configure:5015: checking for memset
configure:5015: gcc -o conftest -g -O2   conftest.c -lgsl -lpthread -lgslcblas  >&5
conftest.c:57:6: warning: incompatible redeclaration of library function 'memset' [-Wincompatible-library-redeclaration]
char memset ();
     ^
conftest.c:57:6: note: 'memset' is a builtin with type 'void *(void *, int, unsigned long)'
1 warning generated.
configure:5015: $? = 0
configure:5015: result: yes
configure:5015: checking for mkdir
configure:5015: gcc -o conftest -g -O2   conftest.c -lgsl -lpthread -lgslcblas  >&5
configure:5015: $? = 0
configure:5015: result: yes
configure:5015: checking for pow
configure:5015: gcc -o conftest -g -O2   conftest.c -lgsl -lpthread -lgslcblas  >&5
conftest.c:59:6: warning: incompatible redeclaration of library function 'pow' [-Wincompatible-library-redeclaration]
char pow ();
     ^
conftest.c:59:6: note: 'pow' is a builtin with type 'double (double, double)'
1 warning generated.
configure:5015: $? = 0
configure:5015: result: yes
configure:5015: checking for sqrt
configure:5015: gcc -o conftest -g -O2   conftest.c -lgsl -lpthread -lgslcblas  >&5
conftest.c:60:6: warning: incompatible redeclaration of library function 'sqrt' [-Wincompatible-library-redeclaration]
char sqrt ();
     ^
conftest.c:60:6: note: 'sqrt' is a builtin with type 'double (double)'
1 warning generated.
configure:5015: $? = 0
configure:5015: result: yes
configure:5015: checking for strerror
configure:5015: gcc -o conftest -g -O2   conftest.c -lgsl -lpthread -lgslcblas  >&5
conftest.c:61:6: warning: incompatible redeclaration of library function 'strerror' [-Wincompatible-library-redeclaration]
char strerror ();
     ^
conftest.c:61:6: note: 'strerror' is a builtin with type 'char *(int)'
1 warning generated.
configure:5015: $? = 0
configure:5015: result: yes
configure:5015: checking for strtol
configure:5015: gcc -o conftest -g -O2   conftest.c -lgsl -lpthread -lgslcblas  >&5
configure:5015: $? = 0
configure:5015: result: yes
configure:5197: creating ./config.status

## ---------------------- ##
## Running config.status. ##
## ---------------------- ##

This file was extended by svinet config.status 0.9, which was
generated by GNU Autoconf 2.68.  Invocation command line was

  CONFIG_FILES    = 
  CONFIG_HEADERS  = 
  CONFIG_LINKS    = 
  CONFIG_COMMANDS = 
  $ ./config.status 

on jings-MacBook-Air.local

config.status:795: creating Makefile
config.status:795: creating src/Makefile
config.status:967: executing depfiles commands

## ---------------- ##
## Cache variables. ##
## ---------------- ##

ac_cv_c_compiler_gnu=yes
ac_cv_c_inline=inline
ac_cv_c_uint16_t=yes
ac_cv_c_uint32_t=yes
ac_cv_c_uint64_t=yes
ac_cv_c_uint8_t=yes
ac_cv_cxx_compiler_gnu=yes
ac_cv_env_CCC_set=
ac_cv_env_CCC_value=
ac_cv_env_CC_set=
ac_cv_env_CC_value=
ac_cv_env_CFLAGS_set=
ac_cv_env_CFLAGS_value=
ac_cv_env_CPPFLAGS_set=
ac_cv_env_CPPFLAGS_value=
ac_cv_env_CPP_set=
ac_cv_env_CPP_value=
ac_cv_env_CXXFLAGS_set=
ac_cv_env_CXXFLAGS_value=
ac_cv_env_CXX_set=
ac_cv_env_CXX_value=
ac_cv_env_LDFLAGS_set=
ac_cv_env_LDFLAGS_value=
ac_cv_env_LIBS_set=
ac_cv_env_LIBS_value=
ac_cv_env_build_alias_set=
ac_cv_env_build_alias_value=
ac_cv_env_host_alias_set=
ac_cv_env_host_alias_value=
ac_cv_env_target_alias_set=
ac_cv_env_target_alias_value=
ac_cv_func_gettimeofday=yes
ac_cv_func_localtime_r=yes
ac_cv_func_memset=yes
ac_cv_func_mkdir=yes
ac_cv_func_pow=yes
ac_cv_func_sqrt=yes
ac_cv_func_strerror=yes
ac_cv_func_strtod=yes
ac_cv_func_strtol=yes
ac_cv_header_inttypes_h=yes
ac_cv_header_memory_h=yes
ac_cv_header_stdbool_h=yes
ac_cv_header_stdc=yes
ac_cv_header_stdint_h=yes
ac_cv_header_stdlib_h=yes
ac_cv_header_string_h=yes
ac_cv_header_strings_h=yes
ac_cv_header_sys_file_h=yes
ac_cv_header_sys_stat_h=yes
ac_cv_header_sys_time_h=yes
ac_cv_header_sys_types_h=yes
ac_cv_header_unistd_h=yes
ac_cv_lib_gsl_gsl_sf_lngamma=yes
ac_cv_lib_gslcblas_cblas_sdot=yes
ac_cv_lib_pthread_pthread_self=yes
ac_cv_objext=o
ac_cv_path_EGREP='/usr/bin/grep -E'
ac_cv_path_GREP=/usr/bin/grep
ac_cv_path_install='/usr/bin/install -c'
ac_cv_prog_AWK=awk
ac_cv_prog_CPP='gcc -E'
ac_cv_prog_ac_ct_CC=gcc
ac_cv_prog_ac_ct_CXX=g++
ac_cv_prog_cc_c89=
ac_cv_prog_cc_g=yes
ac_cv_prog_cxx_g=yes
ac_cv_prog_make_make_set=yes
ac_cv_type__Bool=yes
am_cv_CC_dependencies_compiler_type=gcc3
am_cv_CXX_dependencies_compiler_type=gcc3

## ----------------- ##
## Output variables. ##
## ----------------- ##

ACLOCAL='${SHELL} /Users/jing/Dropbox/scripts/networkCommunityDetection/aaMMSB/missing --run aclocal-1.11'
AMDEPBACKSLASH='\'
AMDEP_FALSE='#'
AMDEP_TRUE=''
AMTAR='$${TAR-tar}'
AUTOCONF='${SHELL} /Users/jing/Dropbox/scripts/networkCommunityDetection/aaMMSB/missing --run autoconf'
AUTOHEADER='${SHELL} /Users/jing/Dropbox/scripts/networkCommunityDetection/aaMMSB/missing --run autoheader'
AUTOMAKE='${SHELL} /Users/jing/Dropbox/scripts/networkCommunityDetection/aaMMSB/missing --run automake-1.11'
AWK='awk'
CC='gcc'
CCDEPMODE='depmode=gcc3'
CFLAGS='-g -O2'
CPP='gcc -E'
CPPFLAGS=''
CXX='g++'
CXXDEPMODE='depmode=gcc3'
CXXFLAGS='-g -O2'
CYGPATH_W='echo'
DEFS='-DPACKAGE_NAME=\"svinet\" -DPACKAGE_TARNAME=\"svinet\" -DPACKAGE_VERSION=\"0.9\" -DPACKAGE_STRING=\"svinet\ 0.9\" -DPACKAGE_BUGREPORT=\"prem.gopalan@gmail.com\" -DPACKAGE_URL=\"\" -DPACKAGE=\"svinet\" -DVERSION=\"0.9\" -DHAVE_LIBGSLCBLAS=1 -DHAVE_LIBPTHREAD=1 -DHAVE_LIBGSL=1 -DSTDC_HEADERS=1 -DHAVE_SYS_TYPES_H=1 -DHAVE_SYS_STAT_H=1 -DHAVE_STDLIB_H=1 -DHAVE_STRING_H=1 -DHAVE_MEMORY_H=1 -DHAVE_STRINGS_H=1 -DHAVE_INTTYPES_H=1 -DHAVE_STDINT_H=1 -DHAVE_UNISTD_H=1 -DHAVE_STDINT_H=1 -DHAVE_STDLIB_H=1 -DHAVE_STRING_H=1 -DHAVE_SYS_FILE_H=1 -DHAVE_SYS_TIME_H=1 -DHAVE_UNISTD_H=1 -DHAVE__BOOL=1 -DHAVE_STDBOOL_H=1 -DHAVE_GETTIMEOFDAY=1 -DHAVE_LOCALTIME_R=1 -DHAVE_MEMSET=1 -DHAVE_MKDIR=1 -DHAVE_POW=1 -DHAVE_SQRT=1 -DHAVE_STRERROR=1 -DHAVE_STRTOL=1'
DEPDIR='.deps'
ECHO_C='\c'
ECHO_N=''
ECHO_T=''
EGREP='/usr/bin/grep -E'
EXEEXT=''
GREP='/usr/bin/grep'
INSTALL_DATA='${INSTALL} -m 644'
INSTALL_PROGRAM='${INSTALL}'
INSTALL_SCRIPT='${INSTALL}'
INSTALL_STRIP_PROGRAM='$(install_sh) -c -s'
LDFLAGS=''
LIBOBJS=''
LIBS='-lgsl -lpthread -lgslcblas '
LTLIBOBJS=''
MAKEINFO='${SHELL} /Users/jing/Dropbox/scripts/networkCommunityDetection/aaMMSB/missing --run makeinfo'
MKDIR_P='./install-sh -c -d'
OBJEXT='o'
PACKAGE='svinet'
PACKAGE_BUGREPORT='prem.gopalan@gmail.com'
PACKAGE_NAME='svinet'
PACKAGE_STRING='svinet 0.9'
PACKAGE_TARNAME='svinet'
PACKAGE_URL=''
PACKAGE_VERSION='0.9'
PATH_SEPARATOR=':'
POW_LIB=''
SET_MAKE=''
SHELL='/bin/sh'
STRIP=''
VERSION='0.9'
ac_ct_CC='gcc'
ac_ct_CXX='g++'
am__EXEEXT_FALSE=''
am__EXEEXT_TRUE='#'
am__fastdepCC_FALSE='#'
am__fastdepCC_TRUE=''
am__fastdepCXX_FALSE='#'
am__fastdepCXX_TRUE=''
am__include='include'
am__isrc=''
am__leading_dot='.'
am__nodep='_no'
am__quote=''
am__tar='$${TAR-tar} chof - "$$tardir"'
am__untar='$${TAR-tar} xf -'
bindir='${exec_prefix}/bin'
build_alias=''
datadir='${datarootdir}'
datarootdir='${prefix}/share'
docdir='${datarootdir}/doc/${PACKAGE_TARNAME}'
dvidir='${docdir}'
exec_prefix='${prefix}'
host_alias=''
htmldir='${docdir}'
includedir='${prefix}/include'
infodir='${datarootdir}/info'
install_sh='${SHELL} /Users/jing/Dropbox/scripts/networkCommunityDetection/aaMMSB/install-sh'
libdir='${exec_prefix}/lib'
libexecdir='${exec_prefix}/libexec'
localedir='${datarootdir}/locale'
localstatedir='${prefix}/var'
mandir='${datarootdir}/man'
mkdir_p='$(top_builddir)/./install-sh -c -d'
oldincludedir='/usr/include'
pdfdir='${docdir}'
prefix='/usr/local'
program_transform_name='s,x,x,'
psdir='${docdir}'
sbindir='${exec_prefix}/sbin'
sharedstatedir='${prefix}/com'
sysconfdir='${prefix}/etc'
target_alias=''

## ----------- ##
## confdefs.h. ##
## ----------- ##

/* confdefs.h */
#define PACKAGE_NAME "svinet"
#define PACKAGE_TARNAME "svinet"
#define PACKAGE_VERSION "0.9"
#define PACKAGE_STRING "svinet 0.9"
#define PACKAGE_BUGREPORT "prem.gopalan@gmail.com"
#define PACKAGE_URL ""
#define PACKAGE "svinet"
#define VERSION "0.9"
#define HAVE_LIBGSLCBLAS 1
#define HAVE_LIBPTHREAD 1
#define HAVE_LIBGSL 1
#define STDC_HEADERS 1
#define HAVE_SYS_TYPES_H 1
#define HAVE_SYS_STAT_H 1
#define HAVE_STDLIB_H 1
#define HAVE_STRING_H 1
#define HAVE_MEMORY_H 1
#define HAVE_STRINGS_H 1
#define HAVE_INTTYPES_H 1
#define HAVE_STDINT_H 1
#define HAVE_UNISTD_H 1
#define HAVE_STDINT_H 1
#define HAVE_STDLIB_H 1
#define HAVE_STRING_H 1
#define HAVE_SYS_FILE_H 1
#define HAVE_SYS_TIME_H 1
#define HAVE_UNISTD_H 1
#define HAVE__BOOL 1
#define HAVE_STDBOOL_H 1
#define HAVE_GETTIMEOFDAY 1
#define HAVE_LOCALTIME_R 1
#define HAVE_MEMSET 1
#define HAVE_MKDIR 1
#define HAVE_POW 1
#define HAVE_SQRT 1
#define HAVE_STRERROR 1
#define HAVE_STRTOL 1

configure: exit 0
